Android/app/build/outputs/logs/manifest-merger-release-report.txt
-- Merging decision tree log ---
manifest
ADDED from src/main/AndroidManifest.xml:20:1-68:12
	android:windowSoftInputMode
		ADDED from src/main/AndroidManifest.xml:21:7-46
	android:hardwareAccelerated
		ADDED from src/main/AndroidManifest.xml:25:7-41
	xmlns:android
		ADDED from src/main/AndroidManifest.xml:20:11-69
	package
		ADDED from src/main/AndroidManifest.xml:22:7-39
		INJECTED from src/main/AndroidManifest.xml
		INJECTED from src/main/AndroidManifest.xml
	android:versionName
		ADDED from src/main/AndroidManifest.xml:23:7-30
		INJECTED from src/main/AndroidManifest.xml
		INJECTED from src/main/AndroidManifest.xml
	android:versionCode
		ADDED from src/main/AndroidManifest.xml:24:7-30
		INJECTED from src/main/AndroidManifest.xml
		INJECTED from src/main/AndroidManifest.xml
supports-screens
ADDED from src/main/AndroidManifest.xml:27:5-34:11
	android:resizeable
		ADDED from src/main/AndroidManifest.xml:32:9-34
	android:largeScreens
		ADDED from src/main/AndroidManifest.xml:28:9-36
	android:anyDensity
		ADDED from src/main/AndroidManifest.xml:33:9-34
	android:normalScreens
		ADDED from src/main/AndroidManifest.xml:29:9-37
	android:xlargeScreens
		ADDED from src/main/AndroidManifest.xml:31:9-37
	android:smallScreens
		ADDED from src/main/AndroidManifest.xml:30:9-36
uses-permission#android.permission.CAMERA
ADDED from src/main/AndroidManifest.xml:36:5-65
	android:name
		ADDED from src/main/AndroidManifest.xml:36:22-62
uses-permission#android.permission.VIBRATE
ADDED from src/main/AndroidManifest.xml:37:5-66
	android:name
		ADDED from src/main/AndroidManifest.xml:37:22-63
uses-permission#android.permission.ACCESS_COARSE_LOCATION
ADDED from src/main/AndroidManifest.xml:38:5-81
	android:name
		ADDED from src/main/AndroidManifest.xml:38:22-78
uses-permission#android.permission.ACCESS_FINE_LOCATION
ADDED from src/main/AndroidManifest.xml:39:5-79
	android:name
		ADDED from src/main/AndroidManifest.xml:39:22-76
uses-permission#android.permission.ACCESS_LOCATION_EXTRA_COMMANDS
ADDED from src/main/AndroidManifest.xml:40:5-89
	android:name
		ADDED from src/main/AndroidManifest.xml:40:22-86
uses-permission#android.permission.INTERNET
ADDED from src/main/AndroidManifest.xml:41:5-67
	android:name
		ADDED from src/main/AndroidManifest.xml:41:22-64
uses-permission#android.permission.RECEIVE_SMS
ADDED from src/main/AndroidManifest.xml:42:5-70
	android:name
		ADDED from src/main/AndroidManifest.xml:42:22-67
uses-permission#android.permission.RECORD_AUDIO
ADDED from src/main/AndroidManifest.xml:43:5-71
	android:name
		ADDED from src/main/AndroidManifest.xml:43:22-68
uses-permission#android.permission.RECORD_VIDEO
ADDED from src/main/AndroidManifest.xml:44:5-70
	android:name
		ADDED from src/main/AndroidManifest.xml:44:22-68
uses-permission#android.permission.MODIFY_AUDIO_SETTINGS
ADDED from src/main/AndroidManifest.xml:45:5-80
	android:name
		ADDED from src/main/AndroidManifest.xml:45:22-77
uses-permission#android.permission.READ_CONTACTS
ADDED from src/main/AndroidManifest.xml:46:5-72
	android:name
		ADDED from src/main/AndroidManifest.xml:46:22-69
uses-permission#android.permission.WRITE_CONTACTS
ADDED from src/main/AndroidManifest.xml:47:5-73
	android:name
		ADDED from src/main/AndroidManifest.xml:47:22-70
uses-permission#android.permission.WRITE_EXTERNAL_STORAGE
ADDED from src/main/AndroidManifest.xml:48:5-81
	android:name
		ADDED from src/main/AndroidManifest.xml:48:22-78
uses-permission#android.permission.ACCESS_NETWORK_STATE
ADDED from src/main/AndroidManifest.xml:49:5-79
	android:name
		ADDED from src/main/AndroidManifest.xml:49:22-76
uses-permission#android.permission.GET_ACCOUNTS
ADDED from src/main/AndroidManifest.xml:50:5-71
	android:name
		ADDED from src/main/AndroidManifest.xml:50:22-68
uses-permission#android.permission.BROADCAST_STICKY
ADDED from src/main/AndroidManifest.xml:51:5-75
	android:name
		ADDED from src/main/AndroidManifest.xml:51:22-72
application
ADDED from src/main/AndroidManifest.xml:53:5-65:19
	android:label
		ADDED from src/main/AndroidManifest.xml:54:9-41
	android:icon
		ADDED from src/main/AndroidManifest.xml:53:18-47
	android:hardwareAccelerated
		ADDED from src/main/AndroidManifest.xml:55:9-43
activity#com.Avalanche.Hardline.hardline
ADDED from src/main/AndroidManifest.xml:56:9-64:20
	android:label
		ADDED from src/main/AndroidManifest.xml:57:17-49
	android:configChanges
		ADDED from src/main/AndroidManifest.xml:59:17-94
	android:theme
		ADDED from src/main/AndroidManifest.xml:58:17-70
	android:name
		ADDED from src/main/AndroidManifest.xml:56:19-42
intent-filter#android.intent.action.MAIN+android.intent.category.LAUNCHER
ADDED from src/main/AndroidManifest.xml:60:13-63:29
action#android.intent.action.MAIN
ADDED from src/main/AndroidManifest.xml:61:17-69
	android:name
		ADDED from src/main/AndroidManifest.xml:61:25-66
category#android.intent.category.LAUNCHER
ADDED from src/main/AndroidManifest.xml:62:17-77
	android:name
		ADDED from src/main/AndroidManifest.xml:62:27-74
uses-sdk
ADDED from src/main/AndroidManifest.xml:67:5-72
	android:targetSdkVersion
		ADDED from src/main/AndroidManifest.xml:67:41-70
		INJECTED from src/main/AndroidManifest.xml
		INJECTED from src/main/AndroidManifest.xml
	android:minSdkVersion
		ADDED from src/main/AndroidManifest.xml:67:15-40
		INJECTED from src/main/AndroidManifest.xml
		INJECTED from src/main/AndroidManifest.xml